<?xml version="1.0" encoding="UTF-8"?>
<!-- Generated by org.testng.reporters.JUnitReportReporter -->
<testsuite skipped="0" hostname="DESKTOP-FS7JD1M" name="com.openmrs.testclass.HomePageTestCases" tests="6" failures="0" timestamp="2022-11-13T11:51:32 IST" time="166.920" errors="0">
  <testcase name="verifyAdminButtonFunctionality" time="21.963" classname="com.openmrs.testclass.HomePageTestCases"/>
  <system-out/>
  <testcase name="verifyPageTitle" time="12.673" classname="com.openmrs.testclass.HomePageTestCases"/>
  <system-out/>
  <testcase name="verifyLogOutFunctionality" time="38.748" classname="com.openmrs.testclass.HomePageTestCases"/>
  <system-out/>
  <testcase name="verifyChangeLocationFunctionality" time="34.100" classname="com.openmrs.testclass.HomePageTestCases"/>
  <system-out/>
  <testcase name="verifyAppLogoFunctionality" time="23.811" classname="com.openmrs.testclass.HomePageTestCases"/>
  <system-out/>
  <testcase name="verifyHomePagesSlabs" time="35.625" classname="com.openmrs.testclass.HomePageTestCases"/>
  <system-out/>
</testsuite> <!-- com.openmrs.testclass.HomePageTestCases -->
