<?xml version="1.0" encoding="UTF-8"?>
<!-- Generated by org.testng.reporters.JUnitReportReporter -->
<testsuite skipped="0" hostname="DESKTOP-FS7JD1M" name="com.openmrs.testclass.LoginPageTestCases" tests="8" failures="0" timestamp="2022-11-13T11:51:32 IST" time="160.427" errors="0">
  <testcase name="verifyLoginWithBlankUsernameAndPassword" time="12.695" classname="com.openmrs.testclass.LoginPageTestCases"/>
  <system-out/>
  <testcase name="verifyLoginWithValidUsernameAndInvalidPassword" time="19.471" classname="com.openmrs.testclass.LoginPageTestCases"/>
  <system-out/>
  <testcase name="verifyLoginWithoutLocationSelection" time="29.412" classname="com.openmrs.testclass.LoginPageTestCases"/>
  <system-out/>
  <testcase name="verifyLoginWithValidUsernameAndPassword" time="16.325" classname="com.openmrs.testclass.LoginPageTestCases"/>
  <system-out/>
  <testcase name="verifyLoginWithInvalidUsernameAndPassword" time="17.251" classname="com.openmrs.testclass.LoginPageTestCases"/>
  <system-out/>
  <testcase name="verifyLoginWithInvalidUsernameAndValidPassword" time="26.256" classname="com.openmrs.testclass.LoginPageTestCases"/>
  <system-out/>
  <testcase name="verifyCantLoginHyperTextFunctionality" time="26.432" classname="com.openmrs.testclass.LoginPageTestCases"/>
  <system-out/>
  <testcase name="verifyPageTitle" time="12.585" classname="com.openmrs.testclass.LoginPageTestCases"/>
  <system-out/>
</testsuite> <!-- com.openmrs.testclass.LoginPageTestCases -->
